Base path: C:/Program Files (x86)/Unity/Editor/Data
Pipe name: \\.\pipe\UnityShaderCompiler-1-2064
Cmd: getPlatforms
Cmd: compileSnippet
  api=0 type=0 insize=3359 outsize=743 kw=WATER_REFRACTIVE ok=1
Cmd: compileSnippet
  api=1 type=0 insize=3359 outsize=449 kw=WATER_REFLECTIVE ok=1
Cmd: compileSnippet
  api=4 type=0 insize=3359 outsize=2087 kw=WATER_REFLECTIVE ok=1
Cmd: compileSnippet
  api=8 type=0 insize=3359 outsize=3072 kw=WATER_REFLECTIVE ok=1
Cmd: compileSnippet
  api=0 type=0 insize=3359 outsize=636 kw=WATER_SIMPLE ok=1
Cmd: compileSnippet
  api=0 type=1 insize=3359 outsize=1055 kw=WATER_REFRACTIVE ok=1
Cmd: compileSnippet
  api=1 type=1 insize=3359 outsize=756 kw=WATER_REFLECTIVE ok=1
Cmd: compileSnippet
  api=0 type=1 insize=3359 outsize=823 kw=WATER_SIMPLE ok=1
Cmd: compileSnippet
  api=4 type=1 insize=3359 outsize=2225 kw=WATER_SIMPLE ok=1
Cmd: compileSnippet
  api=0 type=0 insize=1135 outsize=547 kw= ok=1
Cmd: compileSnippet
  api=0 type=1 insize=1135 outsize=333 kw= ok=1
Cmd: compileSnippet
  api=0 type=0 insize=898 outsize=360 kw= ok=1
Cmd: compileSnippet
  api=0 type=1 insize=898 outsize=143 kw= ok=1
Cmd: compileSnippet
  api=0 type=0 insize=867 outsize=635 kw= ok=1
Cmd: compileSnippet
  api=0 type=1 insize=867 outsize=84 kw= ok=1
Cmd: compileSnippet
  api=0 type=0 insize=834 outsize=635 kw= ok=1
Cmd: compileSnippet
  api=0 type=0 insize=1770 outsize=660 kw= ok=1
Cmd: compileSnippet
  api=0 type=1 insize=1770 outsize=471 kw= ok=1
Cmd: compileSnippet
  api=0 type=0 insize=1381 outsize=441 kw= ok=1
Cmd: compileSnippet
  api=0 type=1 insize=1381 outsize=585 kw= ok=1
Cmd: compileSnippet
  api=0 type=0 insize=2154 outsize=862 kw= ok=1
Cmd: compileSnippet
  api=0 type=1 insize=2154 outsize=623 kw= ok=1
Cmd: compileSnippet
  api=0 type=0 insize=1788 outsize=660 kw= ok=1
Cmd: compileSnippet
  api=0 type=1 insize=1788 outsize=505 kw= ok=1
Cmd: compileSnippet
  api=0 type=0 insize=2219 outsize=862 kw= ok=1
Cmd: compileSnippet
  api=0 type=1 insize=2219 outsize=568 kw= ok=1
Cmd: compileSnippet
  api=0 type=0 insize=1852 outsize=660 kw= ok=1
Cmd: compileSnippet
  api=0 type=1 insize=1852 outsize=443 kw= ok=1
Cmd: compileSnippet
  api=0 type=0 insize=924 outsize=360 kw= ok=1
Cmd: compileSnippet
  api=0 type=1 insize=924 outsize=193 kw= ok=1
Cmd: compileSnippet
  api=0 type=0 insize=2137 outsize=862 kw= ok=1
Cmd: compileSnippet
  api=0 type=1 insize=2137 outsize=596 kw= ok=1
Cmd: compileSnippet
  api=0 type=0 insize=1329 outsize=441 kw= ok=1
Cmd: compileSnippet
  api=0 type=1 insize=1329 outsize=316 kw= ok=1
Cmd: compileSnippet
  api=0 type=0 insize=1252 outsize=441 kw= ok=1
Cmd: compileSnippet
  api=0 type=1 insize=1252 outsize=365 kw= ok=1
Cmd: compileSnippet
  api=0 type=0 insize=1237 outsize=441 kw= ok=1
Cmd: compileSnippet
  api=0 type=1 insize=1237 outsize=344 kw= ok=1
Cmd: compileSnippet
  api=0 type=0 insize=2284 outsize=862 kw= ok=1
Cmd: compileSnippet
  api=0 type=1 insize=2284 outsize=829 kw= ok=1
Cmd: compileSnippet
  api=0 type=0 insize=882 outsize=360 kw= ok=1
Cmd: compileSnippet
  api=0 type=1 insize=882 outsize=143 kw= ok=1
Cmd: compileSnippet
  api=0 type=0 insize=1051 outsize=360 kw= ok=1
Cmd: compileSnippet
  api=0 type=1 insize=1051 outsize=429 kw= ok=1
Cmd: compileSnippet
  api=0 type=0 insize=1917 outsize=660 kw= ok=1
Cmd: compileSnippet
  api=0 type=1 insize=1917 outsize=709 kw= ok=1
